七月 02, 2018 9:39:47 上午 org.apache.catalina.startup.VersionLoggerListener log
信息: Server version:        Apache Tomcat/7.0.88
七月 02, 2018 9:39:47 上午 org.apache.catalina.startup.VersionLoggerListener log
信息: Server built:          May 7 2018 11:12:57 UTC
七月 02, 2018 9:39:47 上午 org.apache.catalina.startup.VersionLoggerListener log
信息: Server number:         7.0.88.0
七月 02, 2018 9:39:47 上午 org.apache.catalina.startup.VersionLoggerListener log
信息: OS Name:               Linux
七月 02, 2018 9:39:47 上午 org.apache.catalina.startup.VersionLoggerListener log
信息: OS Version:            3.10.0-862.el7.x86_64
七月 02, 2018 9:39:47 上午 org.apache.catalina.startup.VersionLoggerListener log
信息: Architecture:          amd64
七月 02, 2018 9:39:47 上午 org.apache.catalina.startup.VersionLoggerListener log
信息: Java Home:             /usr/java/jdk1.8.0_171/jre
七月 02, 2018 9:39:47 上午 org.apache.catalina.startup.VersionLoggerListener log
信息: JVM Version:           1.8.0_171-b11
七月 02, 2018 9:39:47 上午 org.apache.catalina.startup.VersionLoggerListener log
信息: JVM Vendor:            Oracle Corporation
七月 02, 2018 9:39:47 上午 org.apache.catalina.startup.VersionLoggerListener log
信息: CATALINA_BASE:         /home/jie/ssm/web/boss-tomcat
七月 02, 2018 9:39:47 上午 org.apache.catalina.startup.VersionLoggerListener log
信息: CATALINA_HOME:         /home/jie/ssm/web/boss-tomcat
七月 02, 2018 9:39:47 上午 org.apache.catalina.startup.VersionLoggerListener log
信息: Command line argument: -Djava.util.logging.config.file=/home/jie/ssm/web/boss-tomcat/conf/logging.properties
七月 02, 2018 9:39:47 上午 org.apache.catalina.startup.VersionLoggerListener log
信息: Command line argument: -Djava.util.logging.manager=org.apache.juli.ClassLoaderLogManager
七月 02, 2018 9:39:47 上午 org.apache.catalina.startup.VersionLoggerListener log
信息: Command line argument: -Xms128m
七月 02, 2018 9:39:47 上午 org.apache.catalina.startup.VersionLoggerListener log
信息: Command line argument: -Xmx512m
七月 02, 2018 9:39:47 上午 org.apache.catalina.startup.VersionLoggerListener log
信息: Command line argument: -XX:PermSize=128m
七月 02, 2018 9:39:47 上午 org.apache.catalina.startup.VersionLoggerListener log
信息: Command line argument: -Djdk.tls.ephemeralDHKeySize=2048
七月 02, 2018 9:39:47 上午 org.apache.catalina.startup.VersionLoggerListener log
信息: Command line argument: -Dignore.endorsed.dirs=
七月 02, 2018 9:39:47 上午 org.apache.catalina.startup.VersionLoggerListener log
信息: Command line argument: -Dcatalina.base=/home/jie/ssm/web/boss-tomcat
七月 02, 2018 9:39:47 上午 org.apache.catalina.startup.VersionLoggerListener log
信息: Command line argument: -Dcatalina.home=/home/jie/ssm/web/boss-tomcat
七月 02, 2018 9:39:47 上午 org.apache.catalina.startup.VersionLoggerListener log
信息: Command line argument: -Djava.io.tmpdir=/home/jie/ssm/web/boss-tomcat/temp
七月 02, 2018 9:39:47 上午 org.apache.catalina.core.AprLifecycleListener lifecycleEvent
信息: The APR based Apache Tomcat Native library which allows optimal performance in production environments was not found on the java.library.path: /usr/java/packages/lib/amd64:/usr/lib64:/lib64:/lib:/usr/lib
七月 02, 2018 9:39:48 上午 org.apache.coyote.AbstractProtocol init
信息: Initializing ProtocolHandler ["http-bio-8081"]
七月 02, 2018 9:39:48 上午 org.apache.coyote.AbstractProtocol init
信息: Initializing ProtocolHandler ["ajp-bio-8010"]
七月 02, 2018 9:39:48 上午 org.apache.catalina.startup.Catalina load
信息: Initialization processed in 1089 ms
七月 02, 2018 9:39:48 上午 org.apache.catalina.core.StandardService startInternal
信息: Starting service Catalina
七月 02, 2018 9:39:48 上午 org.apache.catalina.core.StandardEngine startInternal
信息: Starting Servlet Engine: Apache Tomcat/7.0.88
七月 02, 2018 9:39:48 上午 org.apache.catalina.startup.HostConfig deployWAR
信息: Deploying web application archive /home/jie/ssm/web/boss-tomcat/webapps/ssm-kill-web.war
七月 02, 2018 9:39:52 上午 org.apache.catalina.startup.TldConfig execute
信息: At least one JAR was scanned for TLDs yet contained no TLDs. Enable debug logging for this logger for a complete list of JARs that were scanned but no TLDs were found in them. Skipping unneeded JARs during scanning can improve startup time and JSP compilation time.
七月 02, 2018 9:39:57 上午 org.apache.catalina.startup.HostConfig deployWAR
信息: Deployment of web application archive /home/jie/ssm/web/boss-tomcat/webapps/ssm-kill-web.war has finished in 9,519 ms
七月 02, 2018 9:39:57 上午 org.apache.coyote.AbstractProtocol start
信息: Starting ProtocolHandler ["http-bio-8081"]
七月 02, 2018 9:39:57 上午 org.apache.coyote.AbstractProtocol start
信息: Starting ProtocolHandler ["ajp-bio-8010"]
七月 02, 2018 9:39:58 上午 org.apache.catalina.startup.Catalina start
信息: Server startup in 9913 ms
七月 02, 2018 11:32:18 上午 org.apache.catalina.startup.VersionLoggerListener log
信息: Server version:        Apache Tomcat/7.0.88
七月 02, 2018 11:32:18 上午 org.apache.catalina.startup.VersionLoggerListener log
信息: Server built:          May 7 2018 11:12:57 UTC
七月 02, 2018 11:32:18 上午 org.apache.catalina.startup.VersionLoggerListener log
信息: Server number:         7.0.88.0
七月 02, 2018 11:32:18 上午 org.apache.catalina.startup.VersionLoggerListener log
信息: OS Name:               Linux
七月 02, 2018 11:32:18 上午 org.apache.catalina.startup.VersionLoggerListener log
信息: OS Version:            3.10.0-862.el7.x86_64
七月 02, 2018 11:32:18 上午 org.apache.catalina.startup.VersionLoggerListener log
信息: Architecture:          amd64
七月 02, 2018 11:32:18 上午 org.apache.catalina.startup.VersionLoggerListener log
信息: Java Home:             /usr/java/jdk1.8.0_171/jre
七月 02, 2018 11:32:18 上午 org.apache.catalina.startup.VersionLoggerListener log
信息: JVM Version:           1.8.0_171-b11
七月 02, 2018 11:32:18 上午 org.apache.catalina.startup.VersionLoggerListener log
信息: JVM Vendor:            Oracle Corporation
七月 02, 2018 11:32:18 上午 org.apache.catalina.startup.VersionLoggerListener log
信息: CATALINA_BASE:         /home/jie/ssm/web/boss-tomcat
七月 02, 2018 11:32:18 上午 org.apache.catalina.startup.VersionLoggerListener log
信息: CATALINA_HOME:         /home/jie/ssm/web/boss-tomcat
七月 02, 2018 11:32:18 上午 org.apache.catalina.startup.VersionLoggerListener log
信息: Command line argument: -Djava.util.logging.config.file=/home/jie/ssm/web/boss-tomcat/conf/logging.properties
七月 02, 2018 11:32:18 上午 org.apache.catalina.startup.VersionLoggerListener log
信息: Command line argument: -Djava.util.logging.manager=org.apache.juli.ClassLoaderLogManager
七月 02, 2018 11:32:18 上午 org.apache.catalina.startup.VersionLoggerListener log
信息: Command line argument: -Xms128m
七月 02, 2018 11:32:18 上午 org.apache.catalina.startup.VersionLoggerListener log
信息: Command line argument: -Xmx512m
七月 02, 2018 11:32:18 上午 org.apache.catalina.startup.VersionLoggerListener log
信息: Command line argument: -XX:PermSize=128m
七月 02, 2018 11:32:18 上午 org.apache.catalina.startup.VersionLoggerListener log
信息: Command line argument: -Djdk.tls.ephemeralDHKeySize=2048
七月 02, 2018 11:32:18 上午 org.apache.catalina.startup.VersionLoggerListener log
信息: Command line argument: -Dignore.endorsed.dirs=
七月 02, 2018 11:32:18 上午 org.apache.catalina.startup.VersionLoggerListener log
信息: Command line argument: -Dcatalina.base=/home/jie/ssm/web/boss-tomcat
七月 02, 2018 11:32:18 上午 org.apache.catalina.startup.VersionLoggerListener log
信息: Command line argument: -Dcatalina.home=/home/jie/ssm/web/boss-tomcat
七月 02, 2018 11:32:18 上午 org.apache.catalina.startup.VersionLoggerListener log
信息: Command line argument: -Djava.io.tmpdir=/home/jie/ssm/web/boss-tomcat/temp
七月 02, 2018 11:32:18 上午 org.apache.catalina.core.AprLifecycleListener lifecycleEvent
信息: The APR based Apache Tomcat Native library which allows optimal performance in production environments was not found on the java.library.path: /usr/java/packages/lib/amd64:/usr/lib64:/lib64:/lib:/usr/lib
七月 02, 2018 11:32:18 上午 org.apache.coyote.AbstractProtocol init
信息: Initializing ProtocolHandler ["http-bio-8081"]
七月 02, 2018 11:32:18 上午 org.apache.coyote.AbstractProtocol init
信息: Initializing ProtocolHandler ["ajp-bio-8010"]
七月 02, 2018 11:32:18 上午 org.apache.catalina.startup.Catalina load
信息: Initialization processed in 1317 ms
七月 02, 2018 11:32:18 上午 org.apache.catalina.core.StandardService startInternal
信息: Starting service Catalina
七月 02, 2018 11:32:18 上午 org.apache.catalina.core.StandardEngine startInternal
信息: Starting Servlet Engine: Apache Tomcat/7.0.88
七月 02, 2018 11:32:18 上午 org.apache.catalina.startup.HostConfig deployWAR
信息: Deploying web application archive /home/jie/ssm/web/boss-tomcat/webapps/ssm-kill-web.war
七月 02, 2018 11:32:34 上午 org.apache.catalina.startup.TldConfig execute
信息: At least one JAR was scanned for TLDs yet contained no TLDs. Enable debug logging for this logger for a complete list of JARs that were scanned but no TLDs were found in them. Skipping unneeded JARs during scanning can improve startup time and JSP compilation time.
七月 02, 2018 11:32:41 上午 org.apache.catalina.startup.HostConfig deployWAR
信息: Deployment of web application archive /home/jie/ssm/web/boss-tomcat/webapps/ssm-kill-web.war has finished in 22,704 ms
七月 02, 2018 11:32:41 上午 org.apache.coyote.AbstractProtocol start
信息: Starting ProtocolHandler ["http-bio-8081"]
七月 02, 2018 11:32:41 上午 org.apache.coyote.AbstractProtocol start
信息: Starting ProtocolHandler ["ajp-bio-8010"]
七月 02, 2018 11:32:41 上午 org.apache.catalina.startup.Catalina start
信息: Server startup in 22941 ms
