七月 04, 2018 10:41:48 上午 org.apache.catalina.startup.VersionLoggerListener log
信息: Server version:        Apache Tomcat/7.0.88
七月 04, 2018 10:41:48 上午 org.apache.catalina.startup.VersionLoggerListener log
信息: Server built:          May 7 2018 11:12:57 UTC
七月 04, 2018 10:41:48 上午 org.apache.catalina.startup.VersionLoggerListener log
信息: Server number:         7.0.88.0
七月 04, 2018 10:41:48 上午 org.apache.catalina.startup.VersionLoggerListener log
信息: OS Name:               Linux
七月 04, 2018 10:41:48 上午 org.apache.catalina.startup.VersionLoggerListener log
信息: OS Version:            3.10.0-862.el7.x86_64
七月 04, 2018 10:41:48 上午 org.apache.catalina.startup.VersionLoggerListener log
信息: Architecture:          amd64
七月 04, 2018 10:41:48 上午 org.apache.catalina.startup.VersionLoggerListener log
信息: Java Home:             /usr/java/jdk1.8.0_171/jre
七月 04, 2018 10:41:48 上午 org.apache.catalina.startup.VersionLoggerListener log
信息: JVM Version:           1.8.0_171-b11
七月 04, 2018 10:41:48 上午 org.apache.catalina.startup.VersionLoggerListener log
信息: JVM Vendor:            Oracle Corporation
七月 04, 2018 10:41:48 上午 org.apache.catalina.startup.VersionLoggerListener log
信息: CATALINA_BASE:         /home/jie/ssm/web/boss-tomcat
七月 04, 2018 10:41:48 上午 org.apache.catalina.startup.VersionLoggerListener log
信息: CATALINA_HOME:         /home/jie/ssm/web/boss-tomcat
七月 04, 2018 10:41:48 上午 org.apache.catalina.startup.VersionLoggerListener log
信息: Command line argument: -Djava.util.logging.config.file=/home/jie/ssm/web/boss-tomcat/conf/logging.properties
七月 04, 2018 10:41:48 上午 org.apache.catalina.startup.VersionLoggerListener log
信息: Command line argument: -Djava.util.logging.manager=org.apache.juli.ClassLoaderLogManager
七月 04, 2018 10:41:48 上午 org.apache.catalina.startup.VersionLoggerListener log
信息: Command line argument: -Xms128m
七月 04, 2018 10:41:48 上午 org.apache.catalina.startup.VersionLoggerListener log
信息: Command line argument: -Xmx512m
七月 04, 2018 10:41:48 上午 org.apache.catalina.startup.VersionLoggerListener log
信息: Command line argument: -XX:PermSize=128m
七月 04, 2018 10:41:48 上午 org.apache.catalina.startup.VersionLoggerListener log
信息: Command line argument: -Djdk.tls.ephemeralDHKeySize=2048
七月 04, 2018 10:41:48 上午 org.apache.catalina.startup.VersionLoggerListener log
信息: Command line argument: -Dignore.endorsed.dirs=
七月 04, 2018 10:41:48 上午 org.apache.catalina.startup.VersionLoggerListener log
信息: Command line argument: -Dcatalina.base=/home/jie/ssm/web/boss-tomcat
七月 04, 2018 10:41:48 上午 org.apache.catalina.startup.VersionLoggerListener log
信息: Command line argument: -Dcatalina.home=/home/jie/ssm/web/boss-tomcat
七月 04, 2018 10:41:48 上午 org.apache.catalina.startup.VersionLoggerListener log
信息: Command line argument: -Djava.io.tmpdir=/home/jie/ssm/web/boss-tomcat/temp
七月 04, 2018 10:41:48 上午 org.apache.catalina.core.AprLifecycleListener lifecycleEvent
信息: The APR based Apache Tomcat Native library which allows optimal performance in production environments was not found on the java.library.path: /usr/java/packages/lib/amd64:/usr/lib64:/lib64:/lib:/usr/lib
七月 04, 2018 10:41:49 上午 org.apache.coyote.AbstractProtocol init
信息: Initializing ProtocolHandler ["http-bio-8081"]
七月 04, 2018 10:41:49 上午 org.apache.coyote.AbstractProtocol init
信息: Initializing ProtocolHandler ["ajp-bio-8010"]
七月 04, 2018 10:41:49 上午 org.apache.catalina.startup.Catalina load
信息: Initialization processed in 3091 ms
七月 04, 2018 10:41:49 上午 org.apache.catalina.core.StandardService startInternal
信息: Starting service Catalina
七月 04, 2018 10:41:49 上午 org.apache.catalina.core.StandardEngine startInternal
信息: Starting Servlet Engine: Apache Tomcat/7.0.88
七月 04, 2018 10:41:49 上午 org.apache.catalina.startup.HostConfig deployWAR
信息: Deploying web application archive /home/jie/ssm/web/boss-tomcat/webapps/ssm-kill-web.war
七月 04, 2018 10:42:08 上午 org.apache.catalina.startup.TldConfig execute
信息: At least one JAR was scanned for TLDs yet contained no TLDs. Enable debug logging for this logger for a complete list of JARs that were scanned but no TLDs were found in them. Skipping unneeded JARs during scanning can improve startup time and JSP compilation time.
七月 04, 2018 10:42:17 上午 org.apache.catalina.startup.HostConfig deployWAR
信息: Deployment of web application archive /home/jie/ssm/web/boss-tomcat/webapps/ssm-kill-web.war has finished in 27,824 ms
七月 04, 2018 10:42:17 上午 org.apache.coyote.AbstractProtocol start
信息: Starting ProtocolHandler ["http-bio-8081"]
七月 04, 2018 10:42:17 上午 org.apache.coyote.AbstractProtocol start
信息: Starting ProtocolHandler ["ajp-bio-8010"]
七月 04, 2018 10:42:17 上午 org.apache.catalina.startup.Catalina start
信息: Server startup in 28215 ms
七月 04, 2018 11:34:42 上午 org.apache.catalina.startup.VersionLoggerListener log
信息: Server version:        Apache Tomcat/7.0.88
七月 04, 2018 11:34:42 上午 org.apache.catalina.startup.VersionLoggerListener log
信息: Server built:          May 7 2018 11:12:57 UTC
七月 04, 2018 11:34:42 上午 org.apache.catalina.startup.VersionLoggerListener log
信息: Server number:         7.0.88.0
七月 04, 2018 11:34:42 上午 org.apache.catalina.startup.VersionLoggerListener log
信息: OS Name:               Linux
七月 04, 2018 11:34:42 上午 org.apache.catalina.startup.VersionLoggerListener log
信息: OS Version:            3.10.0-862.el7.x86_64
七月 04, 2018 11:34:42 上午 org.apache.catalina.startup.VersionLoggerListener log
信息: Architecture:          amd64
七月 04, 2018 11:34:42 上午 org.apache.catalina.startup.VersionLoggerListener log
信息: Java Home:             /usr/java/jdk1.8.0_171/jre
七月 04, 2018 11:34:42 上午 org.apache.catalina.startup.VersionLoggerListener log
信息: JVM Version:           1.8.0_171-b11
七月 04, 2018 11:34:42 上午 org.apache.catalina.startup.VersionLoggerListener log
信息: JVM Vendor:            Oracle Corporation
七月 04, 2018 11:34:42 上午 org.apache.catalina.startup.VersionLoggerListener log
信息: CATALINA_BASE:         /home/jie/ssm/web/boss-tomcat
七月 04, 2018 11:34:42 上午 org.apache.catalina.startup.VersionLoggerListener log
信息: CATALINA_HOME:         /home/jie/ssm/web/boss-tomcat
七月 04, 2018 11:34:42 上午 org.apache.catalina.startup.VersionLoggerListener log
信息: Command line argument: -Djava.util.logging.config.file=/home/jie/ssm/web/boss-tomcat/conf/logging.properties
七月 04, 2018 11:34:42 上午 org.apache.catalina.startup.VersionLoggerListener log
信息: Command line argument: -Djava.util.logging.manager=org.apache.juli.ClassLoaderLogManager
七月 04, 2018 11:34:42 上午 org.apache.catalina.startup.VersionLoggerListener log
信息: Command line argument: -Xms128m
七月 04, 2018 11:34:42 上午 org.apache.catalina.startup.VersionLoggerListener log
信息: Command line argument: -Xmx512m
七月 04, 2018 11:34:42 上午 org.apache.catalina.startup.VersionLoggerListener log
信息: Command line argument: -XX:PermSize=128m
七月 04, 2018 11:34:42 上午 org.apache.catalina.startup.VersionLoggerListener log
信息: Command line argument: -Djdk.tls.ephemeralDHKeySize=2048
七月 04, 2018 11:34:42 上午 org.apache.catalina.startup.VersionLoggerListener log
信息: Command line argument: -Dignore.endorsed.dirs=
七月 04, 2018 11:34:42 上午 org.apache.catalina.startup.VersionLoggerListener log
信息: Command line argument: -Dcatalina.base=/home/jie/ssm/web/boss-tomcat
七月 04, 2018 11:34:42 上午 org.apache.catalina.startup.VersionLoggerListener log
信息: Command line argument: -Dcatalina.home=/home/jie/ssm/web/boss-tomcat
七月 04, 2018 11:34:42 上午 org.apache.catalina.startup.VersionLoggerListener log
信息: Command line argument: -Djava.io.tmpdir=/home/jie/ssm/web/boss-tomcat/temp
七月 04, 2018 11:34:42 上午 org.apache.catalina.core.AprLifecycleListener lifecycleEvent
信息: The APR based Apache Tomcat Native library which allows optimal performance in production environments was not found on the java.library.path: /usr/java/packages/lib/amd64:/usr/lib64:/lib64:/lib:/usr/lib
七月 04, 2018 11:34:42 上午 org.apache.coyote.AbstractProtocol init
信息: Initializing ProtocolHandler ["http-bio-8081"]
七月 04, 2018 11:34:42 上午 org.apache.coyote.AbstractProtocol init
信息: Initializing ProtocolHandler ["ajp-bio-8010"]
七月 04, 2018 11:34:42 上午 org.apache.coyote.AbstractProtocol init
严重: Failed to initialize end point associated with ProtocolHandler ["ajp-bio-8010"]
java.net.BindException: 地址已在使用 (Bind failed) <null>:8010
	at org.apache.tomcat.util.net.JIoEndpoint.bind(JIoEndpoint.java:413)
	at org.apache.tomcat.util.net.AbstractEndpoint.init(AbstractEndpoint.java:728)
	at org.apache.coyote.AbstractProtocol.init(AbstractProtocol.java:452)
	at org.apache.catalina.connector.Connector.initInternal(Connector.java:978)
	at org.apache.catalina.util.LifecycleBase.init(LifecycleBase.java:102)
	at org.apache.catalina.core.StandardService.initInternal(StandardService.java:560)
	at org.apache.catalina.util.LifecycleBase.init(LifecycleBase.java:102)
	at org.apache.catalina.core.StandardServer.initInternal(StandardServer.java:840)
	at org.apache.catalina.util.LifecycleBase.init(LifecycleBase.java:102)
	at org.apache.catalina.startup.Catalina.load(Catalina.java:654)
	at org.apache.catalina.startup.Catalina.load(Catalina.java:679)
	at sun.reflect.NativeMethodAccessorImpl.invoke0(Native Method)
	at sun.reflect.NativeMethodAccessorImpl.invoke(NativeMethodAccessorImpl.java:62)
	at sun.reflect.DelegatingMethodAccessorImpl.invoke(DelegatingMethodAccessorImpl.java:43)
	at java.lang.reflect.Method.invoke(Method.java:498)
	at org.apache.catalina.startup.Bootstrap.load(Bootstrap.java:253)
	at org.apache.catalina.startup.Bootstrap.main(Bootstrap.java:427)
Caused by: java.net.BindException: 地址已在使用 (Bind failed)
	at java.net.PlainSocketImpl.socketBind(Native Method)
	at java.net.AbstractPlainSocketImpl.bind(AbstractPlainSocketImpl.java:387)
	at java.net.ServerSocket.bind(ServerSocket.java:375)
	at java.net.ServerSocket.<init>(ServerSocket.java:237)
	at java.net.ServerSocket.<init>(ServerSocket.java:181)
	at org.apache.tomcat.util.net.DefaultServerSocketFactory.createSocket(DefaultServerSocketFactory.java:49)
	at org.apache.tomcat.util.net.JIoEndpoint.bind(JIoEndpoint.java:400)
	... 16 more

七月 04, 2018 11:34:42 上午 org.apache.catalina.core.StandardService initInternal
严重: Failed to initialize connector [Connector[AJP/1.3-8010]]
org.apache.catalina.LifecycleException: Failed to initialize component [Connector[AJP/1.3-8010]]
	at org.apache.catalina.util.LifecycleBase.init(LifecycleBase.java:107)
	at org.apache.catalina.core.StandardService.initInternal(StandardService.java:560)
	at org.apache.catalina.util.LifecycleBase.init(LifecycleBase.java:102)
	at org.apache.catalina.core.StandardServer.initInternal(StandardServer.java:840)
	at org.apache.catalina.util.LifecycleBase.init(LifecycleBase.java:102)
	at org.apache.catalina.startup.Catalina.load(Catalina.java:654)
	at org.apache.catalina.startup.Catalina.load(Catalina.java:679)
	at sun.reflect.NativeMethodAccessorImpl.invoke0(Native Method)
	at sun.reflect.NativeMethodAccessorImpl.invoke(NativeMethodAccessorImpl.java:62)
	at sun.reflect.DelegatingMethodAccessorImpl.invoke(DelegatingMethodAccessorImpl.java:43)
	at java.lang.reflect.Method.invoke(Method.java:498)
	at org.apache.catalina.startup.Bootstrap.load(Bootstrap.java:253)
	at org.apache.catalina.startup.Bootstrap.main(Bootstrap.java:427)
Caused by: org.apache.catalina.LifecycleException: Protocol handler initialization failed
	at org.apache.catalina.connector.Connector.initInternal(Connector.java:980)
	at org.apache.catalina.util.LifecycleBase.init(LifecycleBase.java:102)
	... 12 more
Caused by: java.net.BindException: 地址已在使用 (Bind failed) <null>:8010
	at org.apache.tomcat.util.net.JIoEndpoint.bind(JIoEndpoint.java:413)
	at org.apache.tomcat.util.net.AbstractEndpoint.init(AbstractEndpoint.java:728)
	at org.apache.coyote.AbstractProtocol.init(AbstractProtocol.java:452)
	at org.apache.catalina.connector.Connector.initInternal(Connector.java:978)
	... 13 more
Caused by: java.net.BindException: 地址已在使用 (Bind failed)
	at java.net.PlainSocketImpl.socketBind(Native Method)
	at java.net.AbstractPlainSocketImpl.bind(AbstractPlainSocketImpl.java:387)
	at java.net.ServerSocket.bind(ServerSocket.java:375)
	at java.net.ServerSocket.<init>(ServerSocket.java:237)
	at java.net.ServerSocket.<init>(ServerSocket.java:181)
	at org.apache.tomcat.util.net.DefaultServerSocketFactory.createSocket(DefaultServerSocketFactory.java:49)
	at org.apache.tomcat.util.net.JIoEndpoint.bind(JIoEndpoint.java:400)
	... 16 more

七月 04, 2018 11:34:42 上午 org.apache.catalina.startup.Catalina load
信息: Initialization processed in 841 ms
七月 04, 2018 11:34:42 上午 org.apache.catalina.core.StandardService startInternal
信息: Starting service Catalina
七月 04, 2018 11:34:42 上午 org.apache.catalina.core.StandardEngine startInternal
信息: Starting Servlet Engine: Apache Tomcat/7.0.88
七月 04, 2018 11:34:42 上午 org.apache.catalina.startup.HostConfig deployWAR
信息: Deploying web application archive /home/jie/ssm/web/boss-tomcat/webapps/ssm-kill-web.war
七月 04, 2018 11:34:53 上午 org.apache.catalina.startup.TldConfig execute
信息: At least one JAR was scanned for TLDs yet contained no TLDs. Enable debug logging for this logger for a complete list of JARs that were scanned but no TLDs were found in them. Skipping unneeded JARs during scanning can improve startup time and JSP compilation time.
七月 04, 2018 11:35:03 上午 org.apache.catalina.startup.HostConfig deployWAR
信息: Deployment of web application archive /home/jie/ssm/web/boss-tomcat/webapps/ssm-kill-web.war has finished in 20,522 ms
七月 04, 2018 11:35:03 上午 org.apache.coyote.AbstractProtocol start
信息: Starting ProtocolHandler ["http-bio-8081"]
七月 04, 2018 11:35:03 上午 org.apache.catalina.startup.Catalina start
信息: Server startup in 20890 ms
七月 04, 2018 11:35:03 上午 org.apache.catalina.core.StandardServer await
严重: StandardServer.await: create[localhost:8006]: 
java.net.BindException: 地址已在使用 (Bind failed)
	at java.net.PlainSocketImpl.socketBind(Native Method)
	at java.net.AbstractPlainSocketImpl.bind(AbstractPlainSocketImpl.java:387)
	at java.net.ServerSocket.bind(ServerSocket.java:375)
	at java.net.ServerSocket.<init>(ServerSocket.java:237)
	at org.apache.catalina.core.StandardServer.await(StandardServer.java:444)
	at org.apache.catalina.startup.Catalina.await(Catalina.java:793)
	at org.apache.catalina.startup.Catalina.start(Catalina.java:739)
	at sun.reflect.NativeMethodAccessorImpl.invoke0(Native Method)
	at sun.reflect.NativeMethodAccessorImpl.invoke(NativeMethodAccessorImpl.java:62)
	at sun.reflect.DelegatingMethodAccessorImpl.invoke(DelegatingMethodAccessorImpl.java:43)
	at java.lang.reflect.Method.invoke(Method.java:498)
	at org.apache.catalina.startup.Bootstrap.start(Bootstrap.java:294)
	at org.apache.catalina.startup.Bootstrap.main(Bootstrap.java:428)

七月 04, 2018 11:35:03 上午 org.apache.coyote.AbstractProtocol pause
信息: Pausing ProtocolHandler ["http-bio-8081"]
七月 04, 2018 11:35:03 上午 org.apache.coyote.AbstractProtocol pause
信息: Pausing ProtocolHandler ["ajp-bio-8010"]
七月 04, 2018 11:35:03 上午 org.apache.catalina.core.StandardService stopInternal
信息: Stopping service Catalina
七月 04, 2018 11:35:03 上午 org.apache.catalina.loader.WebappClassLoaderBase clearReferencesThreads
严重: The web application [/ssm-kill-web] appears to have started a thread named [DubboRegistryFailedRetryTimer-thread-1] but has failed to stop it. This is very likely to create a memory leak.
七月 04, 2018 11:35:03 上午 org.apache.catalina.loader.WebappClassLoaderBase clearReferencesThreads
严重: The web application [/ssm-kill-web] appears to have started a thread named [Curator-ConnectionStateManager-0] but has failed to stop it. This is very likely to create a memory leak.
七月 04, 2018 11:35:03 上午 org.apache.catalina.loader.WebappClassLoaderBase clearReferencesThreads
严重: The web application [/ssm-kill-web] appears to have started a thread named [localhost-startStop-1-SendThread(192.168.116.168:2181)] but has failed to stop it. This is very likely to create a memory leak.
七月 04, 2018 11:35:03 上午 org.apache.catalina.loader.WebappClassLoaderBase clearReferencesThreads
严重: The web application [/ssm-kill-web] appears to have started a thread named [localhost-startStop-1-EventThread] but has failed to stop it. This is very likely to create a memory leak.
七月 04, 2018 11:35:03 上午 org.apache.catalina.loader.WebappClassLoaderBase clearReferencesThreads
严重: The web application [/ssm-kill-web] appears to have started a thread named [Curator-Framework-0] but has failed to stop it. This is very likely to create a memory leak.
七月 04, 2018 11:35:03 上午 org.apache.catalina.loader.WebappClassLoaderBase clearReferencesThreads
严重: The web application [/ssm-kill-web] appears to have started a thread named [DubboSaveRegistryCache-thread-1] but has failed to stop it. This is very likely to create a memory leak.
七月 04, 2018 11:35:03 上午 org.apache.catalina.loader.WebappClassLoaderBase clearReferencesThreads
严重: The web application [/ssm-kill-web] appears to have started a thread named [DubboClientReconnectTimer-thread-1] but has failed to stop it. This is very likely to create a memory leak.
七月 04, 2018 11:35:03 上午 org.apache.catalina.loader.WebappClassLoaderBase clearReferencesThreads
严重: The web application [/ssm-kill-web] appears to have started a thread named [NettyClientBoss-thread-1] but has failed to stop it. This is very likely to create a memory leak.
七月 04, 2018 11:35:03 上午 org.apache.catalina.loader.WebappClassLoaderBase clearReferencesThreads
严重: The web application [/ssm-kill-web] appears to have started a thread named [New I/O client worker #1-1] but has failed to stop it. This is very likely to create a memory leak.
七月 04, 2018 11:35:03 上午 org.apache.catalina.loader.WebappClassLoaderBase clearReferencesThreads
严重: The web application [/ssm-kill-web] appears to have started a thread named [DubboClientHandler-192.168.116.168:20880-thread-1] but has failed to stop it. This is very likely to create a memory leak.
七月 04, 2018 11:35:03 上午 org.apache.catalina.loader.WebappClassLoaderBase clearReferencesThreads
严重: The web application [/ssm-kill-web] appears to have started a thread named [dubbo-remoting-client-heartbeat-thread-1] but has failed to stop it. This is very likely to create a memory leak.
七月 04, 2018 11:35:03 上午 org.apache.catalina.loader.WebappClassLoaderBase clearReferencesThreads
严重: The web application [/ssm-kill-web] appears to have started a thread named [DubboClientReconnectTimer-thread-2] but has failed to stop it. This is very likely to create a memory leak.
七月 04, 2018 11:35:03 上午 org.apache.catalina.loader.WebappClassLoaderBase clearReferencesThreads
严重: The web application [/ssm-kill-web] appears to have started a thread named [New I/O client worker #1-2] but has failed to stop it. This is very likely to create a memory leak.
七月 04, 2018 11:35:03 上午 org.apache.catalina.loader.WebappClassLoaderBase clearReferencesThreads
严重: The web application [/ssm-kill-web] appears to have started a thread named [DubboClientHandler-192.168.116.168:20881-thread-1] but has failed to stop it. This is very likely to create a memory leak.
七月 04, 2018 11:35:03 上午 org.apache.catalina.loader.WebappClassLoaderBase clearReferencesThreads
严重: The web application [/ssm-kill-web] appears to have started a thread named [dubbo-remoting-client-heartbeat-thread-2] but has failed to stop it. This is very likely to create a memory leak.
七月 04, 2018 11:35:03 上午 org.apache.coyote.AbstractProtocol stop
信息: Stopping ProtocolHandler ["http-bio-8081"]
七月 04, 2018 11:35:03 上午 org.apache.coyote.AbstractProtocol destroy
信息: Destroying ProtocolHandler ["http-bio-8081"]
七月 04, 2018 11:35:03 上午 org.apache.coyote.AbstractProtocol stop
信息: Stopping ProtocolHandler ["ajp-bio-8010"]
七月 04, 2018 11:35:03 上午 org.apache.coyote.AbstractProtocol destroy
信息: Destroying ProtocolHandler ["ajp-bio-8010"]
七月 04, 2018 11:35:03 上午 org.apache.catalina.loader.WebappClassLoaderBase loadClass
信息: Illegal access: this web application instance has been stopped already.  Could not load org.apache.curator.framework.imps.DeleteBuilderImpl.  The eventual following stack trace is caused by an error thrown for debugging purposes as well as to attempt to terminate the thread which caused the illegal access, and has no functional impact.
java.lang.IllegalStateException
	at org.apache.catalina.loader.WebappClassLoaderBase.loadClass(WebappClassLoaderBase.java:1813)
	at org.apache.catalina.loader.WebappClassLoaderBase.loadClass(WebappClassLoaderBase.java:1771)
	at org.apache.curator.framework.imps.CuratorFrameworkImpl.delete(CuratorFrameworkImpl.java:426)
	at com.alibaba.dubbo.remoting.zookeeper.curator.CuratorZookeeperClient.delete(CuratorZookeeperClient.java:92)
	at com.alibaba.dubbo.registry.zookeeper.ZookeeperRegistry.doUnregister(ZookeeperRegistry.java:118)
	at com.alibaba.dubbo.registry.support.FailbackRegistry.unregister(FailbackRegistry.java:160)
	at com.alibaba.dubbo.registry.support.AbstractRegistry.destroy(AbstractRegistry.java:450)
	at com.alibaba.dubbo.registry.support.FailbackRegistry.destroy(FailbackRegistry.java:436)
	at com.alibaba.dubbo.registry.zookeeper.ZookeeperRegistry.destroy(ZookeeperRegistry.java:100)
	at com.alibaba.dubbo.registry.support.AbstractRegistryFactory.destroyAll(AbstractRegistryFactory.java:71)
	at com.alibaba.dubbo.config.ProtocolConfig.destroyAll(ProtocolConfig.java:158)
	at com.alibaba.dubbo.config.AbstractConfig$1.run(AbstractConfig.java:82)
	at java.lang.Thread.run(Thread.java:748)

七月 04, 2018 11:35:03 上午 org.apache.catalina.loader.WebappClassLoaderBase loadClass
信息: Illegal access: this web application instance has been stopped already.  Could not load com.alibaba.dubbo.registry.support.SkipFailbackWrapperException.  The eventual following stack trace is caused by an error thrown for debugging purposes as well as to attempt to terminate the thread which caused the illegal access, and has no functional impact.
java.lang.IllegalStateException
	at org.apache.catalina.loader.WebappClassLoaderBase.loadClass(WebappClassLoaderBase.java:1813)
	at org.apache.catalina.loader.WebappClassLoaderBase.loadClass(WebappClassLoaderBase.java:1771)
	at com.alibaba.dubbo.registry.support.FailbackRegistry.unregister(FailbackRegistry.java:168)
	at com.alibaba.dubbo.registry.support.AbstractRegistry.destroy(AbstractRegistry.java:450)
	at com.alibaba.dubbo.registry.support.FailbackRegistry.destroy(FailbackRegistry.java:436)
	at com.alibaba.dubbo.registry.zookeeper.ZookeeperRegistry.destroy(ZookeeperRegistry.java:100)
	at com.alibaba.dubbo.registry.support.AbstractRegistryFactory.destroyAll(AbstractRegistryFactory.java:71)
	at com.alibaba.dubbo.config.ProtocolConfig.destroyAll(ProtocolConfig.java:158)
	at com.alibaba.dubbo.config.AbstractConfig$1.run(AbstractConfig.java:82)
	at java.lang.Thread.run(Thread.java:748)

七月 04, 2018 11:35:03 上午 org.apache.catalina.loader.WebappClassLoaderBase loadClass
信息: Illegal access: this web application instance has been stopped already.  Could not load org.apache.log4j.spi.ThrowableInformation.  The eventual following stack trace is caused by an error thrown for debugging purposes as well as to attempt to terminate the thread which caused the illegal access, and has no functional impact.
java.lang.IllegalStateException
	at org.apache.catalina.loader.WebappClassLoaderBase.loadClass(WebappClassLoaderBase.java:1813)
	at org.apache.catalina.loader.WebappClassLoaderBase.loadClass(WebappClassLoaderBase.java:1771)
	at org.apache.log4j.spi.LoggingEvent.<init>(LoggingEvent.java:165)
	at org.apache.log4j.Category.forcedLog(Category.java:391)
	at org.apache.log4j.Category.log(Category.java:856)
	at com.alibaba.dubbo.common.logger.log4j.Log4jLogger.warn(Log4jLogger.java:79)
	at com.alibaba.dubbo.common.logger.support.FailsafeLogger.warn(FailsafeLogger.java:101)
	at com.alibaba.dubbo.registry.support.AbstractRegistry.destroy(AbstractRegistry.java:455)
	at com.alibaba.dubbo.registry.support.FailbackRegistry.destroy(FailbackRegistry.java:436)
	at com.alibaba.dubbo.registry.zookeeper.ZookeeperRegistry.destroy(ZookeeperRegistry.java:100)
	at com.alibaba.dubbo.registry.support.AbstractRegistryFactory.destroyAll(AbstractRegistryFactory.java:71)
	at com.alibaba.dubbo.config.ProtocolConfig.destroyAll(ProtocolConfig.java:158)
	at com.alibaba.dubbo.config.AbstractConfig$1.run(AbstractConfig.java:82)
	at java.lang.Thread.run(Thread.java:748)

七月 04, 2018 11:35:03 上午 org.apache.catalina.loader.WebappClassLoaderBase loadClass
信息: Illegal access: this web application instance has been stopped already.  Could not load java.util.concurrent.ScheduledFuture.  The eventual following stack trace is caused by an error thrown for debugging purposes as well as to attempt to terminate the thread which caused the illegal access, and has no functional impact.
java.lang.IllegalStateException
	at org.apache.catalina.loader.WebappClassLoaderBase.loadClass(WebappClassLoaderBase.java:1813)
	at org.apache.catalina.loader.WebappClassLoaderBase.loadClass(WebappClassLoaderBase.java:1771)
	at com.alibaba.dubbo.registry.support.FailbackRegistry.destroy(FailbackRegistry.java:438)
	at com.alibaba.dubbo.registry.zookeeper.ZookeeperRegistry.destroy(ZookeeperRegistry.java:100)
	at com.alibaba.dubbo.registry.support.AbstractRegistryFactory.destroyAll(AbstractRegistryFactory.java:71)
	at com.alibaba.dubbo.config.ProtocolConfig.destroyAll(ProtocolConfig.java:158)
	at com.alibaba.dubbo.config.AbstractConfig$1.run(AbstractConfig.java:82)
	at java.lang.Thread.run(Thread.java:748)

七月 04, 2018 11:35:03 上午 org.apache.catalina.loader.WebappClassLoaderBase loadClass
信息: Illegal access: this web application instance has been stopped already.  Could not load org.apache.curator.framework.imps.CuratorFrameworkImpl$5.  The eventual following stack trace is caused by an error thrown for debugging purposes as well as to attempt to terminate the thread which caused the illegal access, and has no functional impact.
java.lang.IllegalStateException
	at org.apache.catalina.loader.WebappClassLoaderBase.loadClass(WebappClassLoaderBase.java:1813)
	at org.apache.catalina.loader.WebappClassLoaderBase.loadClass(WebappClassLoaderBase.java:1771)
	at org.apache.curator.framework.imps.CuratorFrameworkImpl.close(CuratorFrameworkImpl.java:347)
	at com.alibaba.dubbo.remoting.zookeeper.curator.CuratorZookeeperClient.doClose(CuratorZookeeperClient.java:123)
	at com.alibaba.dubbo.remoting.zookeeper.support.AbstractZookeeperClient.close(AbstractZookeeperClient.java:115)
	at com.alibaba.dubbo.registry.zookeeper.ZookeeperRegistry.destroy(ZookeeperRegistry.java:102)
	at com.alibaba.dubbo.registry.support.AbstractRegistryFactory.destroyAll(AbstractRegistryFactory.java:71)
	at com.alibaba.dubbo.config.ProtocolConfig.destroyAll(ProtocolConfig.java:158)
	at com.alibaba.dubbo.config.AbstractConfig$1.run(AbstractConfig.java:82)
	at java.lang.Thread.run(Thread.java:748)

